<?xml version="1.0" encoding="UTF-8"?>
<!-- Generated by org.testng.reporters.JUnitXMLReporter -->
<testsuite hostname="DESKTOP-CS0QB2G" ignored="0" name="Default test" tests="2" failures="0" timestamp="2022-02-06T00:58:42 EET" time="18.952" errors="0">
  <testcase name="runScenario" time="10.606" classname="io.cucumber.testng.AbstractTestNGCucumberTests"/>
  <testcase name="runScenario" time="7.367" classname="io.cucumber.testng.AbstractTestNGCucumberTests"/>
</testsuite> <!-- Default test -->
