<?xml version="1.0" encoding="UTF-8"?>
<!-- Generated by org.testng.reporters.JUnitXMLReporter -->
<testsuite hostname="DESKTOP-CS0QB2G" ignored="0" name="Test" tests="3" failures="0" timestamp="2022-01-25T03:38:13 EET" time="10.157" errors="0">
  <testcase name="usercanregin" time="7.826" classname="test.userregstest"/>
  <testcase name="regesteredusercanlogout" time="0.937" classname="test.userregstest"/>
  <testcase name="regesteredusercanlogoin" time="1.266" classname="test.userregstest"/>
</testsuite> <!-- Test -->
